<?xml version="1.0" encoding="UTF-8"?>
<!-- Generated by org.testng.reporters.JUnitXMLReporter -->
<testsuite ignored="0" hostname="HTCLT2425" failures="1" tests="1" name="Test" time="6.522" errors="0" timestamp="2022-12-23T18:18:43 IST">
  <testcase classname="com.htc.uep.testcases.LoginTestUEP" name="loginApplication" time="0.015">
    <failure type="java.lang.NullPointerException" message="Cannot invoke &amp;quot;com.aventstack.extentreports.ExtentTest.createNode(String)&amp;quot; because &amp;quot;com.htc.uep.testcases.LoginTestUEP.test&amp;quot; is null">
      <![CDATA[java.lang.NullPointerException: Cannot invoke "com.aventstack.extentreports.ExtentTest.createNode(String)" because "com.htc.uep.testcases.LoginTestUEP.test" is null
at com.htc.uep.testcases.LoginTestUEP.loginApplication(LoginTestUEP.java:20)
at java.base/java.util.ArrayList.forEach(ArrayList.java:1511)
... Removed 27 stack frames]]>
    </failure>
  </testcase> <!-- loginApplication -->
</testsuite> <!-- Test -->
