<?xml version="1.0" encoding="UTF-8"?>
<!-- Generated by org.testng.reporters.JUnitXMLReporter -->
<testsuite ignored="0" hostname="HTCLT2425" failures="1" tests="1" name="Test" time="16.766" errors="0" timestamp="2022-12-07T17:52:02 IST">
  <testcase classname="com.htc.uep.testcases.CreationOfNewEventTemplateTestUEP" name="creationOfNewEventTemplate" time="9.761">
    <failure type="java.lang.NumberFormatException" message="For input string: &amp;quot;100.0&amp;quot;">
      <![CDATA[java.lang.NumberFormatException: For input string: "100.0"
at java.base/java.lang.NumberFormatException.forInputString(NumberFormatException.java:67)
at java.base/java.lang.Integer.parseInt(Integer.java:668)
at java.base/java.lang.Integer.parseInt(Integer.java:786)
at com.htc.uep.pages.EventTemplatePage.creationOfNewEventTemplate(EventTemplatePage.java:68)
at com.htc.uep.testcases.CreationOfNewEventTemplateTestUEP.creationOfNewEventTemplate(CreationOfNewEventTemplateTestUEP.java:32)
at java.base/java.util.ArrayList.forEach(ArrayList.java:1511)
... Removed 27 stack frames]]>
    </failure>
  </testcase> <!-- creationOfNewEventTemplate -->
</testsuite> <!-- Test -->
